Arguments: 
  C:\Program Files\nodejs\node.exe C:\Users\Ruben.Palomo\AppData\Roaming\npm\node_modules\yarn\bin\yarn.js add typeface-satisfy

PATH: 
  C:\Python311\Scripts\;C:\Python311\;C:\Program Files (x86)\Common Files\Oracle\Java\javapath;C:\Windows\system32;C:\Windows;C:\Windows\System32\Wbem;C:\Windows\System32\WindowsPowerShell\v1.0\;C:\Windows\System32\OpenSSH\;C:\Program Files (x86)\NVIDIA Corporation\PhysX\Common;C:\Program Files\Microsoft SQL Server\150\Tools\Binn\;C:\Program Files\Microsoft SQL Server\Client SDK\ODBC\170\Tools\Binn\;C:\Program Files\dotnet\;C:\Program Files\Git\cmd;C:\Program Files (x86)\Vim\vim90;C:\ProgramData\chocolatey\bin;C:\Python311;C:\Program Files\Java\jdk1.8.0_351\bin;C:\Program Files\Java\jdk1.8.0_351;C:\Program Files\Java\jdk1.8.0_351\bin;C:\Program Files\apache-maven-3.8.6\bin;C:\Program Files\PuTTY\;C:\Program Files\Microsoft SQL Server\130\Tools\Binn\;C:\Windows\Microsoft.NET\Framework64\v4.0.30319;search-ms:displayname=Search%20Results%20in%20Downloads;C:\Program Files\nodejs;search-ms:displayname=Search%20Results%20in%20Downloads;C:\Program Files\nodejs;C:\Program Files\Docker\Docker\resources\bin;C:\Program Files\Heroku\bin;C:\Program Files\nodejs\;C:\Program Files\GitHub CLI\;C:\Ruby31-x64\bin;C:\Users\Ruben.Palomo\AppData\Local\Microsoft\WindowsApps;C:\Program Files\jdk-17.0.2\bin;C:\Users\Ruben.Palomo\AppData\Local\Programs\Microsoft VS Code\bin;C:\Users\Ruben.Palomo\AppData\Local\Programs\Python\Python311;C:\Users\Ruben.Palomo\AppData\Local\GitHubDesktop\bin;C:\Python311;C:\Program Files\JetBrains\IntelliJ IDEA Community Edition 2019.3.5\bin;;C:\Program Files\Java\jdk1.8.0_351;C:\Windows\Microsoft.NET\Framework64\v4.0.30319;C:\Program Files\heroku\bin;C:\Users\Ruben.Palomo\.dotnet\tools;C:\Users\Ruben.Palomo\AppData\Roaming\npm;C:\Program Files\GitHub CLI;

Yarn version: 
  1.22.19

Node version: 
  20.11.1

Platform: 
  win32 x64

Trace: 
  Error: EPERM: operation not permitted, unlink 'C:\SoleraProjects\namaste\node_modules\@next\swc-win32-x64-msvc\next-swc.win32-x64-msvc.node'

npm manifest: 
  {
    "name": "namaste",
    "version": "0.1.0",
    "private": true,
    "scripts": {
      "dev": "next dev",
      "build": "next build",
      "start": "next start",
      "lint": "next lint"
    },
    "dependencies": {
      "react": "^18",
      "react-dom": "^18",
      "next": "14.1.0"
    },
    "devDependencies": {
      "typescript": "^5",
      "@types/node": "^20",
      "@types/react": "^18",
      "@types/react-dom": "^18",
      "autoprefixer": "^10.0.1",
      "postcss": "^8",
      "tailwindcss": "^3.3.0",
      "eslint": "^8",
      "eslint-config-next": "14.1.0"
    }
  }

yarn manifest: 
  No manifest

Lockfile: 
  No lockfile
